2026-04-30 14:27:06,612 INFO Log file: /home/runner/work/weather-forecast/weather-forecast/outputs/arjawinangun/logs/forecast_20260430_212706.log
2026-04-30 14:27:06,612 INFO Output dir: /home/runner/work/weather-forecast/weather-forecast/outputs/arjawinangun
2026-04-30 14:27:06,612 INFO Metadata lokasi: slug=arjawinangun adm4=32.09.24.2004 bmkg_point=Arjawinangun area_level=kecamatan proxy_bmkg=False
2026-04-30 14:27:06,612 INFO Koordinat: lat=-6.6453 lon=108.4103 timezone=Asia/Jakarta
2026-04-30 14:27:06,612 INFO Catatan lokasi: BMKG point: Arjawinangun, Kecamatan Arjawinangun
2026-04-30 14:27:06,612 INFO Mulai proses untuk lokasi Arjawinangun, Cirebon
2026-04-30 14:27:06,612 INFO Target date: 2026-05-01
2026-04-30 14:27:06,612 INFO Target hours: 10:00, 13:00, 16:00, 19:00, 22:00
2026-04-30 14:27:06,612 INFO Sumber aktif: BMKG, ECMWF, GFS, ICON, CMA, METEOFRANCE, KMA, UKMO, METNO
2026-04-30 14:27:06,612 INFO Bobot aktif: BMKG=1.35, CMA=0.85, ECMWF=1.2, GFS=1.0, ICON=1.05, KMA=0.9, METEOFRANCE=1.1, METNO=1.0, UKMO=0.95
2026-04-30 14:27:06,613 DEBUG BMKG HTTP attempt 1 https://api.bmkg.go.id/publik/prakiraan-cuaca?adm4=32.09.24.2004
2026-04-30 14:27:06,613 DEBUG ECMWF HTTP attempt 1 https://api.open-meteo.com/v1/ecmwf?latitude=-6.6453&longitude=108.4103&timezone=Asia%2FJakarta&forecast_days=3&hourly=temperature_2m%2Crelative_humidity_2m%2Cprecipitation%2Cweather_code%2Cwind_speed_10m
2026-04-30 14:27:06,613 DEBUG GFS HTTP attempt 1 https://api.open-meteo.com/v1/gfs?latitude=-6.6453&longitude=108.4103&timezone=Asia%2FJakarta&forecast_days=3&hourly=temperature_2m%2Crelative_humidity_2m%2Cprecipitation%2Cweather_code%2Cwind_speed_10m
2026-04-30 14:27:06,613 DEBUG ICON HTTP attempt 1 https://api.open-meteo.com/v1/dwd-icon?latitude=-6.6453&longitude=108.4103&timezone=Asia%2FJakarta&forecast_days=3&hourly=temperature_2m%2Crelative_humidity_2m%2Cprecipitation%2Cweather_code%2Cwind_speed_10m
2026-04-30 14:27:06,614 DEBUG CMA HTTP attempt 1 https://api.open-meteo.com/v1/cma?latitude=-6.6453&longitude=108.4103&timezone=Asia%2FJakarta&forecast_days=3&hourly=temperature_2m%2Crelative_humidity_2m%2Cprecipitation%2Cweather_code%2Cwind_speed_10m
2026-04-30 14:27:06,614 DEBUG METEOFRANCE HTTP attempt 1 https://api.open-meteo.com/v1/meteofrance?latitude=-6.6453&longitude=108.4103&timezone=Asia%2FJakarta&forecast_days=3&hourly=temperature_2m%2Crelative_humidity_2m%2Cprecipitation%2Cweather_code%2Cwind_speed_10m
2026-04-30 14:27:06,617 DEBUG KMA HTTP attempt 1 https://api.open-meteo.com/v1/forecast?latitude=-6.6453&longitude=108.4103&timezone=Asia%2FJakarta&forecast_days=3&hourly=temperature_2m%2Crelative_humidity_2m%2Cprecipitation%2Cweather_code%2Cwind_speed_10m&models=kma_seamless
2026-04-30 14:27:06,621 DEBUG UKMO HTTP attempt 1 https://api.open-meteo.com/v1/forecast?latitude=-6.6453&longitude=108.4103&timezone=Asia%2FJakarta&forecast_days=3&hourly=temperature_2m%2Crelative_humidity_2m%2Cprecipitation%2Cweather_code%2Cwind_speed_10m&models=ukmo_seamless
2026-04-30 14:27:07,062 DEBUG METNO HTTP attempt 1 https://api.met.no/weatherapi/locationforecast/2.0/compact?lat=-6.6453&lon=108.4103
2026-04-30 14:27:07,821 INFO Selesai.
2026-04-30 14:27:07,821 INFO Sumber sukses: 9/9
2026-04-30 14:27:07,821 INFO Total forecast point: 45
2026-04-30 14:27:07,821 INFO BMKG: OK (5/5 point) 
2026-04-30 14:27:07,821 INFO CMA: OK (5/5 point) 
2026-04-30 14:27:07,821 INFO ECMWF: OK (5/5 point) 
2026-04-30 14:27:07,821 INFO GFS: OK (5/5 point) 
2026-04-30 14:27:07,821 INFO ICON: OK (5/5 point) 
2026-04-30 14:27:07,821 INFO KMA: OK (5/5 point) 
2026-04-30 14:27:07,821 INFO METEOFRANCE: OK (5/5 point) 
2026-04-30 14:27:07,821 INFO METNO: OK (5/5 point) 
2026-04-30 14:27:07,821 INFO UKMO: OK (5/5 point) 
