2026-05-01 15:34:52,043 INFO Log file: /home/runner/work/weather-forecast/weather-forecast/outputs/jatinangor/logs/forecast_20260501_223452.log
2026-05-01 15:34:52,043 INFO Output dir: /home/runner/work/weather-forecast/weather-forecast/outputs/jatinangor
2026-05-01 15:34:52,043 INFO Metadata lokasi: slug=jatinangor adm4=32.11.15.2002 bmkg_point=Hegarmanah area_level=kecamatan proxy_bmkg=True
2026-05-01 15:34:52,043 INFO Koordinat: lat=-6.938 lon=107.7556 timezone=Asia/Jakarta
2026-05-01 15:34:52,043 INFO Catatan lokasi: BMKG representative point: Hegarmanah, Kecamatan Jatinangor
2026-05-01 15:34:52,043 INFO Mulai proses untuk lokasi Jatinangor, Sumedang
2026-05-01 15:34:52,043 INFO Target date: 2026-05-02
2026-05-01 15:34:52,043 INFO Target hours: 10:00, 13:00, 16:00, 19:00, 22:00
2026-05-01 15:34:52,043 INFO Sumber aktif: BMKG, ECMWF, GFS, ICON, CMA, METEOFRANCE, KMA, UKMO, METNO
2026-05-01 15:34:52,043 INFO Bobot aktif: BMKG=1.35, CMA=0.85, ECMWF=1.2, GFS=1.0, ICON=1.05, KMA=0.9, METEOFRANCE=1.1, METNO=1.0, UKMO=0.95
2026-05-01 15:34:52,044 DEBUG BMKG HTTP attempt 1 https://api.bmkg.go.id/publik/prakiraan-cuaca?adm4=32.11.15.2002
2026-05-01 15:34:52,044 DEBUG ECMWF HTTP attempt 1 https://api.open-meteo.com/v1/ecmwf?latitude=-6.938&longitude=107.7556&timezone=Asia%2FJakarta&forecast_days=3&hourly=temperature_2m%2Crelative_humidity_2m%2Cprecipitation%2Cweather_code%2Cwind_speed_10m
2026-05-01 15:34:52,044 DEBUG GFS HTTP attempt 1 https://api.open-meteo.com/v1/gfs?latitude=-6.938&longitude=107.7556&timezone=Asia%2FJakarta&forecast_days=3&hourly=temperature_2m%2Crelative_humidity_2m%2Cprecipitation%2Cweather_code%2Cwind_speed_10m
2026-05-01 15:34:52,045 DEBUG ICON HTTP attempt 1 https://api.open-meteo.com/v1/dwd-icon?latitude=-6.938&longitude=107.7556&timezone=Asia%2FJakarta&forecast_days=3&hourly=temperature_2m%2Crelative_humidity_2m%2Cprecipitation%2Cweather_code%2Cwind_speed_10m
2026-05-01 15:34:52,046 DEBUG KMA HTTP attempt 1 https://api.open-meteo.com/v1/forecast?latitude=-6.938&longitude=107.7556&timezone=Asia%2FJakarta&forecast_days=3&hourly=temperature_2m%2Crelative_humidity_2m%2Cprecipitation%2Cweather_code%2Cwind_speed_10m&models=kma_seamless
2026-05-01 15:34:52,045 DEBUG CMA HTTP attempt 1 https://api.open-meteo.com/v1/cma?latitude=-6.938&longitude=107.7556&timezone=Asia%2FJakarta&forecast_days=3&hourly=temperature_2m%2Crelative_humidity_2m%2Cprecipitation%2Cweather_code%2Cwind_speed_10m
2026-05-01 15:34:52,045 DEBUG METEOFRANCE HTTP attempt 1 https://api.open-meteo.com/v1/meteofrance?latitude=-6.938&longitude=107.7556&timezone=Asia%2FJakarta&forecast_days=3&hourly=temperature_2m%2Crelative_humidity_2m%2Cprecipitation%2Cweather_code%2Cwind_speed_10m
2026-05-01 15:34:52,055 DEBUG UKMO HTTP attempt 1 https://api.open-meteo.com/v1/forecast?latitude=-6.938&longitude=107.7556&timezone=Asia%2FJakarta&forecast_days=3&hourly=temperature_2m%2Crelative_humidity_2m%2Cprecipitation%2Cweather_code%2Cwind_speed_10m&models=ukmo_seamless
2026-05-01 15:34:52,726 DEBUG METNO HTTP attempt 1 https://api.met.no/weatherapi/locationforecast/2.0/compact?lat=-6.938&lon=107.7556
2026-05-01 15:34:53,604 INFO Selesai.
2026-05-01 15:34:53,604 INFO Sumber sukses: 9/9
2026-05-01 15:34:53,604 INFO Total forecast point: 45
2026-05-01 15:34:53,604 INFO BMKG: OK (5/5 point) 
2026-05-01 15:34:53,604 INFO CMA: OK (5/5 point) 
2026-05-01 15:34:53,604 INFO ECMWF: OK (5/5 point) 
2026-05-01 15:34:53,604 INFO GFS: OK (5/5 point) 
2026-05-01 15:34:53,604 INFO ICON: OK (5/5 point) 
2026-05-01 15:34:53,604 INFO KMA: OK (5/5 point) 
2026-05-01 15:34:53,604 INFO METEOFRANCE: OK (5/5 point) 
2026-05-01 15:34:53,604 INFO METNO: OK (5/5 point) 
2026-05-01 15:34:53,604 INFO UKMO: OK (5/5 point) 
