2026-04-29 10:06:23,118 INFO Log file: /home/runner/work/weather-forecast/weather-forecast/outputs/dago/logs/forecast_20260429_170623.log
2026-04-29 10:06:23,118 INFO Output dir: /home/runner/work/weather-forecast/weather-forecast/outputs/dago
2026-04-29 10:06:23,118 INFO Metadata lokasi: slug=dago adm4=32.73.02.1004 bmkg_point=Dago area_level=kelurahan proxy_bmkg=False
2026-04-29 10:06:23,118 INFO Koordinat: lat=-6.889 lon=107.61 timezone=Asia/Jakarta
2026-04-29 10:06:23,118 INFO Catatan lokasi: BMKG point: Dago, Coblong, Kota Bandung
2026-04-29 10:06:23,118 INFO Mulai proses untuk lokasi Dago, Bandung
2026-04-29 10:06:23,118 INFO Target date: 2026-04-30
2026-04-29 10:06:23,118 INFO Target hours: 10:00, 13:00, 16:00, 19:00, 22:00
2026-04-29 10:06:23,118 INFO Sumber aktif: BMKG, ECMWF, GFS, ICON, CMA, METEOFRANCE, KMA, UKMO, METNO
2026-04-29 10:06:23,118 INFO Bobot aktif: BMKG=1.35, CMA=0.85, ECMWF=1.2, GFS=1.0, ICON=1.05, KMA=0.9, METEOFRANCE=1.1, METNO=1.0, UKMO=0.95
2026-04-29 10:06:23,119 DEBUG BMKG HTTP attempt 1 https://api.bmkg.go.id/publik/prakiraan-cuaca?adm4=32.73.02.1004
2026-04-29 10:06:23,119 DEBUG ECMWF HTTP attempt 1 https://api.open-meteo.com/v1/ecmwf?latitude=-6.889&longitude=107.61&timezone=Asia%2FJakarta&forecast_days=3&hourly=temperature_2m%2Crelative_humidity_2m%2Cprecipitation%2Cweather_code%2Cwind_speed_10m
2026-04-29 10:06:23,120 DEBUG GFS HTTP attempt 1 https://api.open-meteo.com/v1/gfs?latitude=-6.889&longitude=107.61&timezone=Asia%2FJakarta&forecast_days=3&hourly=temperature_2m%2Crelative_humidity_2m%2Cprecipitation%2Cweather_code%2Cwind_speed_10m
2026-04-29 10:06:23,120 DEBUG ICON HTTP attempt 1 https://api.open-meteo.com/v1/dwd-icon?latitude=-6.889&longitude=107.61&timezone=Asia%2FJakarta&forecast_days=3&hourly=temperature_2m%2Crelative_humidity_2m%2Cprecipitation%2Cweather_code%2Cwind_speed_10m
2026-04-29 10:06:23,121 DEBUG CMA HTTP attempt 1 https://api.open-meteo.com/v1/cma?latitude=-6.889&longitude=107.61&timezone=Asia%2FJakarta&forecast_days=3&hourly=temperature_2m%2Crelative_humidity_2m%2Cprecipitation%2Cweather_code%2Cwind_speed_10m
2026-04-29 10:06:23,121 DEBUG METEOFRANCE HTTP attempt 1 https://api.open-meteo.com/v1/meteofrance?latitude=-6.889&longitude=107.61&timezone=Asia%2FJakarta&forecast_days=3&hourly=temperature_2m%2Crelative_humidity_2m%2Cprecipitation%2Cweather_code%2Cwind_speed_10m
2026-04-29 10:06:23,124 DEBUG KMA HTTP attempt 1 https://api.open-meteo.com/v1/forecast?latitude=-6.889&longitude=107.61&timezone=Asia%2FJakarta&forecast_days=3&hourly=temperature_2m%2Crelative_humidity_2m%2Cprecipitation%2Cweather_code%2Cwind_speed_10m&models=kma_seamless
2026-04-29 10:06:23,129 DEBUG UKMO HTTP attempt 1 https://api.open-meteo.com/v1/forecast?latitude=-6.889&longitude=107.61&timezone=Asia%2FJakarta&forecast_days=3&hourly=temperature_2m%2Crelative_humidity_2m%2Cprecipitation%2Cweather_code%2Cwind_speed_10m&models=ukmo_seamless
2026-04-29 10:06:23,887 DEBUG METNO HTTP attempt 1 https://api.met.no/weatherapi/locationforecast/2.0/compact?lat=-6.889&lon=107.61
2026-04-29 10:06:24,732 INFO Selesai.
2026-04-29 10:06:24,732 INFO Sumber sukses: 9/9
2026-04-29 10:06:24,732 INFO Total forecast point: 45
2026-04-29 10:06:24,732 INFO BMKG: OK (5/5 point) 
2026-04-29 10:06:24,732 INFO CMA: OK (5/5 point) 
2026-04-29 10:06:24,732 INFO ECMWF: OK (5/5 point) 
2026-04-29 10:06:24,732 INFO GFS: OK (5/5 point) 
2026-04-29 10:06:24,732 INFO ICON: OK (5/5 point) 
2026-04-29 10:06:24,732 INFO KMA: OK (5/5 point) 
2026-04-29 10:06:24,732 INFO METEOFRANCE: OK (5/5 point) 
2026-04-29 10:06:24,732 INFO METNO: OK (5/5 point) 
2026-04-29 10:06:24,732 INFO UKMO: OK (5/5 point) 
